<?xml version="1.0" encoding="utf-8"?><testsuite errors="0" failures="1" name="pytest" skips="0" tests="1" time="0.483"><testcase classname="test.index_test.TxTest" file="test/index_test.py" line="5" name="test_coinbase_height" time="0.0010380744934082031"><failure message="AssertionError: None != 465879">self = &lt;index_test.TxTest testMethod=test_coinbase_height&gt;

    def test_coinbase_height(self):
        raw_tx = bytes.fromhex(&apos;01000000010000000000000000000000000000000000000000000000000000000000000000ffffffff5e03d71b07254d696e656420627920416e74506f6f6c20626a31312f4542312f4144362f43205914293101fabe6d6d678e2c8c34afc36896e7d9402824ed38e856676ee94bfdb0c6c4bcd8b2e5666a0400000000000000c7270000a5e00e00ffffffff01faf20b58000000001976a914338c84849423992471bffb1a54a8d9b1d69dc28a88ac00000000&apos;)
        stream = BytesIO(raw_tx)
        tx = Tx.parse(stream)
&gt;       self.assertEqual(tx.coinbase_height(), 465879)
E       AssertionError: None != 465879

test/index_test.py:10: AssertionError</failure></testcase></testsuite>